22:24:45,893 DEBUG BasicTypeRegistry:148 - Adding type registration boolean -> org.hibernate.type.BooleanType@1435f58a
  22:24:45,895 DEBUG BasicTypeRegistry:148 - Adding type registration boolean -> org.hibernate.type.BooleanType@1435f58a
  22:24:45,896 DEBUG BasicTypeRegistry:148 - Adding type registration java.lang.Boolean -> org.hibernate.type.BooleanType@1435f58a
  22:24:45,897 DEBUG BasicTypeRegistry:148 - Adding type registration numeric_boolean -> org.hibernate.type.NumericBooleanType@4ef617ce
  22:24:45,898 DEBUG BasicTypeRegistry:148 - Adding type registration true_false -> org.hibernate.type.TrueFalseType@29c67f50
  22:24:45,898 DEBUG BasicTypeRegistry:148 - Adding type registration yes_no -> org.hibernate.type.YesNoType@38a0e9d7
  22:24:45,900 DEBUG BasicTypeRegistry:148 - Adding type registration byte -> org.hibernate.type.ByteType@8a6e020
  22:24:45,900 DEBUG BasicTypeRegistry:148 - Adding type registration byte -> org.hibernate.type.ByteType@8a6e020
  22:24:45,900 DEBUG BasicTypeRegistry:148 - Adding type registration java.lang.Byte -> org.hibernate.type.ByteType@8a6e020
  22:24:45,901 DEBUG BasicTypeRegistry:148 - Adding type registration character -> org.hibernate.type.CharacterType@32008dad
  22:24:45,901 DEBUG BasicTypeRegistry:148 - Adding type registration char -> org.hibernate.type.CharacterType@32008dad
  22:24:45,901 DEBUG BasicTypeRegistry:148 - Adding type registration java.lang.Character -> org.hibernate.type.CharacterType@32008dad
  22:24:45,903 DEBUG BasicTypeRegistry:148 - Adding type registration short -> org.hibernate.type.ShortType@1586b489
  22:24:45,903 DEBUG BasicTypeRegistry:148 - Adding type registration short -> org.hibernate.type.ShortType@1586b489
  22:24:45,903 DEBUG BasicTypeRegistry:148 - Adding type registration java.lang.Short -> org.hibernate.type.ShortType@1586b489
  22:24:45,904 DEBUG BasicTypeRegistry:148 - Adding type registration integer -> org.hibernate.type.IntegerType@371eaf4e
  22:24:45,906 DEBUG BasicTypeRegistry:148 - Adding type registration int -> org.hibernate.type.IntegerType@371eaf4e
  22:24:45,906 DEBUG BasicTypeRegistry:148 - Adding type registration java.lang.Integer -> org.hibernate.type.IntegerType@371eaf4e
  22:24:45,907 DEBUG BasicTypeRegistry:148 - Adding type registration long -> org.hibernate.type.LongType@282536e3
  22:24:45,907 DEBUG BasicTypeRegistry:148 - Adding type registration long -> org.hibernate.type.LongType@282536e3
  22:24:45,907 DEBUG BasicTypeRegistry:148 - Adding type registration java.lang.Long -> org.hibernate.type.LongType@282536e3
  22:24:45,908 DEBUG BasicTypeRegistry:148 - Adding type registration float -> org.hibernate.type.FloatType@c2909a1
  22:24:45,909 DEBUG BasicTypeRegistry:148 - Adding type registration float -> org.hibernate.type.FloatType@c2909a1
  22:24:45,909 DEBUG BasicTypeRegistry:148 - Adding type registration java.lang.Float -> org.hibernate.type.FloatType@c2909a1
  22:24:45,910 DEBUG BasicTypeRegistry:148 - Adding type registration double -> org.hibernate.type.DoubleType@20f5e794
  22:24:45,910 DEBUG BasicTypeRegistry:148 - Adding type registration double -> org.hibernate.type.DoubleType@20f5e794
  22:24:45,910 DEBUG BasicTypeRegistry:148 - Adding type registration java.lang.Double -> org.hibernate.type.DoubleType@20f5e794
  22:24:45,912 DEBUG BasicTypeRegistry:148 - Adding type registration big_decimal -> org.hibernate.type.BigDecimalType@31eaca2
  22:24:45,912 DEBUG BasicTypeRegistry:148 - Adding type registration java.math.BigDecimal -> org.hibernate.type.BigDecimalType@31eaca2
  22:24:45,913 DEBUG BasicTypeRegistry:148 - Adding type registration big_integer -> org.hibernate.type.BigIntegerType@79cfc2c0
  22:24:45,913 DEBUG BasicTypeRegistry:148 - Adding type registration java.math.BigInteger -> org.hibernate.type.BigIntegerType@79cfc2c0
  22:24:45,914 DEBUG BasicTypeRegistry:148 - Adding type registration string -> org.hibernate.type.StringType@29d322a6
  22:24:45,914 DEBUG BasicTypeRegistry:148 - Adding type registration java.lang.String -> org.hibernate.type.StringType@29d322a6
  22:24:45,915 DEBUG BasicTypeRegistry:148 - Adding type registration nstring -> org.hibernate.type.StringNVarcharType@2cf5e0f0
  22:24:45,915 DEBUG BasicTypeRegistry:148 - Adding type registration ncharacter -> org.hibernate.type.CharacterNCharType@313e9bda
  22:24:45,916 DEBUG BasicTypeRegistry:148 - Adding type registration url -> org.hibernate.type.UrlType@15b3bfc5
  22:24:45,916 DEBUG BasicTypeRegistry:148 - Adding type registration java.net.URL -> org.hibernate.type.UrlType@15b3bfc5
  22:24:45,918 DEBUG BasicTypeRegistry:148 - Adding type registration date -> org.hibernate.type.DateType@7407beda
  22:24:45,918 DEBUG BasicTypeRegistry:148 - Adding type registration java.sql.Date -> org.hibernate.type.DateType@7407beda
  22:24:45,919 DEBUG BasicTypeRegistry:148 - Adding type registration time -> org.hibernate.type.TimeType@7ca44085
  22:24:45,919 DEBUG BasicTypeRegistry:148 - Adding type registration java.sql.Time -> org.hibernate.type.TimeType@7ca44085
  22:24:45,921 DEBUG BasicTypeRegistry:148 - Adding type registration timestamp -> org.hibernate.type.TimestampType@1f80ce47
  22:24:45,921 DEBUG BasicTypeRegistry:148 - Adding type registration java.sql.Timestamp -> org.hibernate.type.TimestampType@1f80ce47
  22:24:45,921 DEBUG BasicTypeRegistry:148 - Adding type registration java.util.Date -> org.hibernate.type.TimestampType@1f80ce47
  22:24:45,924 DEBUG BasicTypeRegistry:148 - Adding type registration dbtimestamp -> org.hibernate.type.DbTimestampType@5ea6a4a0
  22:24:45,925 DEBUG BasicTypeRegistry:148 - Adding type registration calendar -> org.hibernate.type.CalendarType@32e701fb
  22:24:45,925 DEBUG BasicTypeRegistry:148 - Adding type registration java.util.Calendar -> org.hibernate.type.CalendarType@32e701fb
  22:24:45,925 DEBUG BasicTypeRegistry:148 - Adding type registration java.util.GregorianCalendar -> org.hibernate.type.CalendarType@32e701fb
  22:24:45,926 DEBUG BasicTypeRegistry:148 - Adding type registration calendar_date -> org.hibernate.type.CalendarDateType@9cdc393
  22:24:45,927 DEBUG BasicTypeRegistry:148 - Adding type registration locale -> org.hibernate.type.LocaleType@6f7750ef
  22:24:45,927 DEBUG BasicTypeRegistry:148 - Adding type registration java.util.Locale -> org.hibernate.type.LocaleType@6f7750ef
  22:24:45,928 DEBUG BasicTypeRegistry:148 - Adding type registration currency -> org.hibernate.type.CurrencyType@4ee7c6cd
  22:24:45,928 DEBUG BasicTypeRegistry:148 - Adding type registration java.util.Currency -> org.hibernate.type.CurrencyType@4ee7c6cd
  22:24:45,929 DEBUG BasicTypeRegistry:148 - Adding type registration timezone -> org.hibernate.type.TimeZoneType@36c14a61
  22:24:45,929 DEBUG BasicTypeRegistry:148 - Adding type registration java.util.TimeZone -> org.hibernate.type.TimeZoneType@36c14a61
  22:24:45,930 DEBUG BasicTypeRegistry:148 - Adding type registration class -> org.hibernate.type.ClassType@46446e0c
  22:24:45,930 DEBUG BasicTypeRegistry:148 - Adding type registration java.lang.Class -> org.hibernate.type.ClassType@46446e0c
  22:24:45,931 DEBUG BasicTypeRegistry:148 - Adding type registration uuid-binary -> org.hibernate.type.UUIDBinaryType@5cde0ca9
  22:24:45,931 DEBUG BasicTypeRegistry:148 - Adding type registration java.util.UUID -> org.hibernate.type.UUIDBinaryType@5cde0ca9
  22:24:45,932 DEBUG BasicTypeRegistry:148 - Adding type registration uuid-char -> org.hibernate.type.UUIDCharType@400bdd7f
  22:24:45,932 DEBUG BasicTypeRegistry:148 - Adding type registration pg-uuid -> org.hibernate.type.PostgresUUIDType@1e6b74c8
  22:24:45,933 DEBUG BasicTypeRegistry:148 - Adding type registration binary -> org.hibernate.type.BinaryType@4e3e95e6
  22:24:45,933 DEBUG BasicTypeRegistry:148 - Adding type registration byte[] -> org.hibernate.type.BinaryType@4e3e95e6
  22:24:45,933 DEBUG BasicTypeRegistry:148 - Adding type registration [B -> org.hibernate.type.BinaryType@4e3e95e6
  22:24:45,934 DEBUG BasicTypeRegistry:148 - Adding type registration wrapper-binary -> org.hibernate.type.WrapperBinaryType@74dca977
  22:24:45,934 DEBUG BasicTypeRegistry:148 - Adding type registration Byte[] -> org.hibernate.type.WrapperBinaryType@74dca977
  22:24:45,934 DEBUG BasicTypeRegistry:148 - Adding type registration [Ljava.lang.Byte; -> org.hibernate.type.WrapperBinaryType@74dca977
  22:24:45,935 DEBUG BasicTypeRegistry:148 - Adding type registration image -> org.hibernate.type.ImageType@6bae60c5
  22:24:45,936 DEBUG BasicTypeRegistry:148 - Adding type registration characters -> org.hibernate.type.CharArrayType@2fe6a820
  22:24:45,936 DEBUG BasicTypeRegistry:148 - Adding type registration char[] -> org.hibernate.type.CharArrayType@2fe6a820
  22:24:45,936 DEBUG BasicTypeRegistry:148 - Adding type registration [C -> org.hibernate.type.CharArrayType@2fe6a820
  22:24:45,937 DEBUG BasicTypeRegistry:148 - Adding type registration wrapper-characters -> org.hibernate.type.CharacterArrayType@e884c0e
  22:24:45,937 DEBUG BasicTypeRegistry:148 - Adding type registration [Ljava.lang.Character; -> org.hibernate.type.CharacterArrayType@e884c0e
  22:24:45,937 DEBUG BasicTypeRegistry:148 - Adding type registration Character[] -> org.hibernate.type.CharacterArrayType@e884c0e
  22:24:45,938 DEBUG BasicTypeRegistry:148 - Adding type registration text -> org.hibernate.type.TextType@48bc6e09
  22:24:45,938 DEBUG BasicTypeRegistry:148 - Adding type registration ntext -> org.hibernate.type.NTextType@43259ee0
  22:24:45,942 DEBUG BasicTypeRegistry:148 - Adding type registration blob -> org.hibernate.type.BlobType@1fd80945
  22:24:45,942 DEBUG BasicTypeRegistry:148 - Adding type registration java.sql.Blob -> org.hibernate.type.BlobType@1fd80945
  22:24:45,943 DEBUG BasicTypeRegistry:148 - Adding type registration materialized_blob -> org.hibernate.type.MaterializedBlobType@45812b51
  22:24:45,946 DEBUG BasicTypeRegistry:148 - Adding type registration clob -> org.hibernate.type.ClobType@30563456
  22:24:45,946 DEBUG BasicTypeRegistry:148 - Adding type registration java.sql.Clob -> org.hibernate.type.ClobType@30563456
  22:24:45,949 DEBUG BasicTypeRegistry:148 - Adding type registration nclob -> org.hibernate.type.NClobType@2fc6d169
  22:24:45,949 DEBUG BasicTypeRegistry:148 - Adding type registration java.sql.NClob -> org.hibernate.type.NClobType@2fc6d169
  22:24:45,950 DEBUG BasicTypeRegistry:148 - Adding type registration materialized_clob -> org.hibernate.type.MaterializedClobType@7535942c
  22:24:45,950 DEBUG BasicTypeRegistry:148 - Adding type registration materialized_nclob -> org.hibernate.type.MaterializedNClobType@1cfeaf9c
  22:24:45,951 DEBUG BasicTypeRegistry:148 - Adding type registration serializable -> org.hibernate.type.SerializableType@7c27a30c
  22:24:45,955 DEBUG BasicTypeRegistry:148 - Adding type registration object -> org.hibernate.type.ObjectType@27223041
  22:24:45,955 DEBUG BasicTypeRegistry:148 - Adding type registration java.lang.Object -> org.hibernate.type.ObjectType@27223041
  22:24:45,955 DEBUG BasicTypeRegistry:148 - Adding type registration imm_date -> org.hibernate.type.AdaptedImmutableType@13417588
  22:24:45,955 DEBUG BasicTypeRegistry:148 - Adding type registration imm_time -> org.hibernate.type.AdaptedImmutableType@2e8b3d98
  22:24:45,955 DEBUG BasicTypeRegistry:148 - Adding type registration imm_timestamp -> org.hibernate.type.AdaptedImmutableType@3778de07
  22:24:45,956 DEBUG BasicTypeRegistry:148 - Adding type registration imm_dbtimestamp -> org.hibernate.type.AdaptedImmutableType@6038ba04
  22:24:45,956 DEBUG BasicTypeRegistry:148 - Adding type registration imm_calendar -> org.hibernate.type.AdaptedImmutableType@2c3c8df6
  22:24:45,956 DEBUG BasicTypeRegistry:148 - Adding type registration imm_calendar_date -> org.hibernate.type.AdaptedImmutableType@3b8c282a
  22:24:45,956 DEBUG BasicTypeRegistry:148 - Adding type registration imm_binary -> org.hibernate.type.AdaptedImmutableType@6ea0fbf0
  22:24:45,956 DEBUG BasicTypeRegistry:148 - Adding type registration imm_serializable -> org.hibernate.type.AdaptedImmutableType@afc824e
  22:24:45,971  INFO Version:37 - HCANN000001: Hibernate Commons Annotations {4.0.2.Final}
  22:24:45,980  INFO Version:41 - HHH000412: Hibernate Core {4.2.6.Final}
  22:24:45,982  INFO Environment:238 - HHH000206: hibernate.properties not found
  22:24:45,983  INFO Environment:345 - HHH000021: Bytecode provider name : javassist
  22:24:46,003 DEBUG BasicTypeRegistry:148 - Adding type registration boolean -> org.hibernate.type.BooleanType@1435f58a
  22:24:46,003 DEBUG BasicTypeRegistry:148 - Adding type registration boolean -> org.hibernate.type.BooleanType@1435f58a
  22:24:46,003 DEBUG BasicTypeRegistry:148 - Adding type registration java.lang.Boolean -> org.hibernate.type.BooleanType@1435f58a
  22:24:46,003 DEBUG BasicTypeRegistry:148 - Adding type registration numeric_boolean -> org.hibernate.type.NumericBooleanType@4ef617ce
  22:24:46,003 DEBUG BasicTypeRegistry:148 - Adding type registration true_false -> org.hibernate.type.TrueFalseType@29c67f50
  22:24:46,003 DEBUG BasicTypeRegistry:148 - Adding type registration yes_no -> org.hibernate.type.YesNoType@38a0e9d7
  22:24:46,004 DEBUG BasicTypeRegistry:148 - Adding type registration byte -> org.hibernate.type.ByteType@8a6e020
  22:24:46,004 DEBUG BasicTypeRegistry:148 - Adding type registration byte -> org.hibernate.type.ByteType@8a6e020
  22:24:46,004 DEBUG BasicTypeRegistry:148 - Adding type registration java.lang.Byte -> org.hibernate.type.ByteType@8a6e020
  22:24:46,004 DEBUG BasicTypeRegistry:148 - Adding type registration character -> org.hibernate.type.CharacterType@32008dad
  22:24:46,004 DEBUG BasicTypeRegistry:148 - Adding type registration char -> org.hibernate.type.CharacterType@32008dad
  22:24:46,004 DEBUG BasicTypeRegistry:148 - Adding type registration java.lang.Character -> org.hibernate.type.CharacterType@32008dad
  22:24:46,004 DEBUG BasicTypeRegistry:148 - Adding type registration short -> org.hibernate.type.ShortType@1586b489
  22:24:46,005 DEBUG BasicTypeRegistry:148 - Adding type registration short -> org.hibernate.type.ShortType@1586b489
  22:24:46,005 DEBUG BasicTypeRegistry:148 - Adding type registration java.lang.Short -> org.hibernate.type.ShortType@1586b489
  22:24:46,005 DEBUG BasicTypeRegistry:148 - Adding type registration integer -> org.hibernate.type.IntegerType@371eaf4e
  22:24:46,005 DEBUG BasicTypeRegistry:148 - Adding type registration int -> org.hibernate.type.IntegerType@371eaf4e
  22:24:46,005 DEBUG BasicTypeRegistry:148 - Adding type registration java.lang.Integer -> org.hibernate.type.IntegerType@371eaf4e
  22:24:46,005 DEBUG BasicTypeRegistry:148 - Adding type registration long -> org.hibernate.type.LongType@282536e3
  22:24:46,005 DEBUG BasicTypeRegistry:148 - Adding type registration long -> org.hibernate.type.LongType@282536e3
  22:24:46,005 DEBUG BasicTypeRegistry:148 - Adding type registration java.lang.Long -> org.hibernate.type.LongType@282536e3
  22:24:46,006 DEBUG BasicTypeRegistry:148 - Adding type registration float -> org.hibernate.type.FloatType@c2909a1
  22:24:46,006 DEBUG BasicTypeRegistry:148 - Adding type registration float -> org.hibernate.type.FloatType@c2909a1
  22:24:46,006 DEBUG BasicTypeRegistry:148 - Adding type registration java.lang.Float -> org.hibernate.type.FloatType@c2909a1
  22:24:46,006 DEBUG BasicTypeRegistry:148 - Adding type registration double -> org.hibernate.type.DoubleType@20f5e794
  22:24:46,006 DEBUG BasicTypeRegistry:148 - Adding type registration double -> org.hibernate.type.DoubleType@20f5e794
  22:24:46,006 DEBUG BasicTypeRegistry:148 - Adding type registration java.lang.Double -> org.hibernate.type.DoubleType@20f5e794
  22:24:46,006 DEBUG BasicTypeRegistry:148 - Adding type registration big_decimal -> org.hibernate.type.BigDecimalType@31eaca2
  22:24:46,006 DEBUG BasicTypeRegistry:148 - Adding type registration java.math.BigDecimal -> org.hibernate.type.BigDecimalType@31eaca2
  22:24:46,007 DEBUG BasicTypeRegistry:148 - Adding type registration big_integer -> org.hibernate.type.BigIntegerType@79cfc2c0
  22:24:46,007 DEBUG BasicTypeRegistry:148 - Adding type registration java.math.BigInteger -> org.hibernate.type.BigIntegerType@79cfc2c0
  22:24:46,007 DEBUG BasicTypeRegistry:148 - Adding type registration string -> org.hibernate.type.StringType@29d322a6
  22:24:46,007 DEBUG BasicTypeRegistry:148 - Adding type registration java.lang.String -> org.hibernate.type.StringType@29d322a6
  22:24:46,007 DEBUG BasicTypeRegistry:148 - Adding type registration nstring -> org.hibernate.type.StringNVarcharType@2cf5e0f0
  22:24:46,007 DEBUG BasicTypeRegistry:148 - Adding type registration ncharacter -> org.hibernate.type.CharacterNCharType@313e9bda
  22:24:46,007 DEBUG BasicTypeRegistry:148 - Adding type registration url -> org.hibernate.type.UrlType@15b3bfc5
  22:24:46,008 DEBUG BasicTypeRegistry:148 - Adding type registration java.net.URL -> org.hibernate.type.UrlType@15b3bfc5
  22:24:46,008 DEBUG BasicTypeRegistry:148 - Adding type registration date -> org.hibernate.type.DateType@7407beda
  22:24:46,008 DEBUG BasicTypeRegistry:148 - Adding type registration java.sql.Date -> org.hibernate.type.DateType@7407beda
  22:24:46,008 DEBUG BasicTypeRegistry:148 - Adding type registration time -> org.hibernate.type.TimeType@7ca44085
  22:24:46,008 DEBUG BasicTypeRegistry:148 - Adding type registration java.sql.Time -> org.hibernate.type.TimeType@7ca44085
  22:24:46,008 DEBUG BasicTypeRegistry:148 - Adding type registration timestamp -> org.hibernate.type.TimestampType@1f80ce47
  22:24:46,008 DEBUG BasicTypeRegistry:148 - Adding type registration java.sql.Timestamp -> org.hibernate.type.TimestampType@1f80ce47
  22:24:46,008 DEBUG BasicTypeRegistry:148 - Adding type registration java.util.Date -> org.hibernate.type.TimestampType@1f80ce47
  22:24:46,009 DEBUG BasicTypeRegistry:148 - Adding type registration dbtimestamp -> org.hibernate.type.DbTimestampType@5ea6a4a0
  22:24:46,009 DEBUG BasicTypeRegistry:148 - Adding type registration calendar -> org.hibernate.type.CalendarType@32e701fb
  22:24:46,009 DEBUG BasicTypeRegistry:148 - Adding type registration java.util.Calendar -> org.hibernate.type.CalendarType@32e701fb
  22:24:46,009 DEBUG BasicTypeRegistry:148 - Adding type registration java.util.GregorianCalendar -> org.hibernate.type.CalendarType@32e701fb
  22:24:46,009 DEBUG BasicTypeRegistry:148 - Adding type registration calendar_date -> org.hibernate.type.CalendarDateType@9cdc393
  22:24:46,009 DEBUG BasicTypeRegistry:148 - Adding type registration locale -> org.hibernate.type.LocaleType@6f7750ef
  22:24:46,009 DEBUG BasicTypeRegistry:148 - Adding type registration java.util.Locale -> org.hibernate.type.LocaleType@6f7750ef
  22:24:46,009 DEBUG BasicTypeRegistry:148 - Adding type registration currency -> org.hibernate.type.CurrencyType@4ee7c6cd
  22:24:46,010 DEBUG BasicTypeRegistry:148 - Adding type registration java.util.Currency -> org.hibernate.type.CurrencyType@4ee7c6cd
  22:24:46,010 DEBUG BasicTypeRegistry:148 - Adding type registration timezone -> org.hibernate.type.TimeZoneType@36c14a61
  22:24:46,010 DEBUG BasicTypeRegistry:148 - Adding type registration java.util.TimeZone -> org.hibernate.type.TimeZoneType@36c14a61
  22:24:46,010 DEBUG BasicTypeRegistry:148 - Adding type registration class -> org.hibernate.type.ClassType@46446e0c
  22:24:46,010 DEBUG BasicTypeRegistry:148 - Adding type registration java.lang.Class -> org.hibernate.type.ClassType@46446e0c
  22:24:46,010 DEBUG BasicTypeRegistry:148 - Adding type registration uuid-binary -> org.hibernate.type.UUIDBinaryType@5cde0ca9
  22:24:46,010 DEBUG BasicTypeRegistry:148 - Adding type registration java.util.UUID -> org.hibernate.type.UUIDBinaryType@5cde0ca9
  22:24:46,010 DEBUG BasicTypeRegistry:148 - Adding type registration uuid-char -> org.hibernate.type.UUIDCharType@400bdd7f
  22:24:46,011 DEBUG BasicTypeRegistry:148 - Adding type registration pg-uuid -> org.hibernate.type.PostgresUUIDType@1e6b74c8
  22:24:46,011 DEBUG BasicTypeRegistry:148 - Adding type registration binary -> org.hibernate.type.BinaryType@4e3e95e6
  22:24:46,011 DEBUG BasicTypeRegistry:148 - Adding type registration byte[] -> org.hibernate.type.BinaryType@4e3e95e6
  22:24:46,011 DEBUG BasicTypeRegistry:148 - Adding type registration [B -> org.hibernate.type.BinaryType@4e3e95e6
  22:24:46,011 DEBUG BasicTypeRegistry:148 - Adding type registration wrapper-binary -> org.hibernate.type.WrapperBinaryType@74dca977
  22:24:46,011 DEBUG BasicTypeRegistry:148 - Adding type registration Byte[] -> org.hibernate.type.WrapperBinaryType@74dca977
  22:24:46,011 DEBUG BasicTypeRegistry:148 - Adding type registration [Ljava.lang.Byte; -> org.hibernate.type.WrapperBinaryType@74dca977
  22:24:46,011 DEBUG BasicTypeRegistry:148 - Adding type registration image -> org.hibernate.type.ImageType@6bae60c5
  22:24:46,012 DEBUG BasicTypeRegistry:148 - Adding type registration characters -> org.hibernate.type.CharArrayType@2fe6a820
  22:24:46,012 DEBUG BasicTypeRegistry:148 - Adding type registration char[] -> org.hibernate.type.CharArrayType@2fe6a820
  22:24:46,012 DEBUG BasicTypeRegistry:148 - Adding type registration [C -> org.hibernate.type.CharArrayType@2fe6a820
  22:24:46,012 DEBUG BasicTypeRegistry:148 - Adding type registration wrapper-characters -> org.hibernate.type.CharacterArrayType@e884c0e
  22:24:46,012 DEBUG BasicTypeRegistry:148 - Adding type registration [Ljava.lang.Character; -> org.hibernate.type.CharacterArrayType@e884c0e
  22:24:46,012 DEBUG BasicTypeRegistry:148 - Adding type registration Character[] -> org.hibernate.type.CharacterArrayType@e884c0e
  22:24:46,012 DEBUG BasicTypeRegistry:148 - Adding type registration text -> org.hibernate.type.TextType@48bc6e09
  22:24:46,012 DEBUG BasicTypeRegistry:148 - Adding type registration ntext -> org.hibernate.type.NTextType@43259ee0
  22:24:46,013 DEBUG BasicTypeRegistry:148 - Adding type registration blob -> org.hibernate.type.BlobType@1fd80945
  22:24:46,013 DEBUG BasicTypeRegistry:148 - Adding type registration java.sql.Blob -> org.hibernate.type.BlobType@1fd80945
  22:24:46,013 DEBUG BasicTypeRegistry:148 - Adding type registration materialized_blob -> org.hibernate.type.MaterializedBlobType@45812b51
  22:24:46,013 DEBUG BasicTypeRegistry:148 - Adding type registration clob -> org.hibernate.type.ClobType@30563456
  22:24:46,013 DEBUG BasicTypeRegistry:148 - Adding type registration java.sql.Clob -> org.hibernate.type.ClobType@30563456
  22:24:46,013 DEBUG BasicTypeRegistry:148 - Adding type registration nclob -> org.hibernate.type.NClobType@2fc6d169
  22:24:46,013 DEBUG BasicTypeRegistry:148 - Adding type registration java.sql.NClob -> org.hibernate.type.NClobType@2fc6d169
  22:24:46,013 DEBUG BasicTypeRegistry:148 - Adding type registration materialized_clob -> org.hibernate.type.MaterializedClobType@7535942c
  22:24:46,013 DEBUG BasicTypeRegistry:148 - Adding type registration materialized_nclob -> org.hibernate.type.MaterializedNClobType@1cfeaf9c
  22:24:46,014 DEBUG BasicTypeRegistry:148 - Adding type registration serializable -> org.hibernate.type.SerializableType@7c27a30c
  22:24:46,014 DEBUG BasicTypeRegistry:148 - Adding type registration object -> org.hibernate.type.ObjectType@27223041
  22:24:46,014 DEBUG BasicTypeRegistry:148 - Adding type registration java.lang.Object -> org.hibernate.type.ObjectType@27223041
  22:24:46,014 DEBUG BasicTypeRegistry:148 - Adding type registration imm_date -> org.hibernate.type.AdaptedImmutableType@5bacba06
  22:24:46,014 DEBUG BasicTypeRegistry:148 - Adding type registration imm_time -> org.hibernate.type.AdaptedImmutableType@28e90eef
  22:24:46,014 DEBUG BasicTypeRegistry:148 - Adding type registration imm_timestamp -> org.hibernate.type.AdaptedImmutableType@5cd381e4
  22:24:46,014 DEBUG BasicTypeRegistry:148 - Adding type registration imm_dbtimestamp -> org.hibernate.type.AdaptedImmutableType@41f4cf58
  22:24:46,014 DEBUG BasicTypeRegistry:148 - Adding type registration imm_calendar -> org.hibernate.type.AdaptedImmutableType@2f58bc3c
  22:24:46,015 DEBUG BasicTypeRegistry:148 - Adding type registration imm_calendar_date -> org.hibernate.type.AdaptedImmutableType@6aae1f6c
  22:24:46,015 DEBUG BasicTypeRegistry:148 - Adding type registration imm_binary -> org.hibernate.type.AdaptedImmutableType@4d91222b
  22:24:46,015 DEBUG BasicTypeRegistry:148 - Adding type registration imm_serializable -> org.hibernate.type.AdaptedImmutableType@735a5cd5
  22:24:46,147  WARN Ejb3Configuration:1318 - HHH000193: Overriding hibernate.transaction.factory_class is dangerous, this might break the EJB3 specification implementation
  22:24:46,210  INFO DriverManagerConnectionProviderImpl:98 - HHH000402: Using Hibernate built-in connection pool (not for production use!)
  22:24:46,260  INFO DriverManagerConnectionProviderImpl:134 - HHH000115: Hibernate connection pool size: 20
  22:24:46,261  INFO DriverManagerConnectionProviderImpl:137 - HHH000006: Autocommit mode: true
  22:24:46,261  INFO DriverManagerConnectionProviderImpl:151 - HHH000401: using driver [com.p6spy.engine.spy.P6SpyDriver] at URL [jdbc:mysql://127.0.0.1:3306/reddragon]
  22:24:46,261  INFO DriverManagerConnectionProviderImpl:156 - HHH000046: Connection properties: {user=root, password=****, autocommit=true, release_mode=auto}
  